[0.016s] Invoking command in '/home/sukumar7/6-axis-Robot-Arm/src/six_axis_robot/build/six_axis_robot': CMAKE_PREFIX_PATH=/opt/ros/humble /usr/bin/cmake --build /home/sukumar7/6-axis-Robot-Arm/src/six_axis_robot/build/six_axis_robot -- -j4 -l4
[0.050s] -- Found ament_cmake: 1.3.11 (/opt/ros/humble/share/ament_cmake/cmake)
[0.196s] -- Found rclcpp: 16.0.11 (/opt/ros/humble/share/rclcpp/cmake)
[0.224s] -- Found rosidl_generator_c: 3.1.6 (/opt/ros/humble/share/rosidl_generator_c/cmake)
[0.227s] -- Found rosidl_adapter: 3.1.6 (/opt/ros/humble/share/rosidl_adapter/cmake)
[0.235s] -- Found rosidl_generator_cpp: 3.1.6 (/opt/ros/humble/share/rosidl_generator_cpp/cmake)
[0.243s] -- Using all available rosidl_typesupport_c: rosidl_typesupport_fastrtps_c;rosidl_typesupport_introspection_c
[0.256s] -- Using all available rosidl_typesupport_cpp: rosidl_typesupport_fastrtps_cpp;rosidl_typesupport_introspection_cpp
[0.286s] -- Found rmw_implementation_cmake: 6.1.2 (/opt/ros/humble/share/rmw_implementation_cmake/cmake)
[0.287s] -- Found rmw_fastrtps_cpp: 6.2.7 (/opt/ros/humble/share/rmw_fastrtps_cpp/cmake)
[0.405s] -- Using RMW implementation 'rmw_fastrtps_cpp' as default
[0.452s] -- Found robot_state_publisher: 3.0.3 (/opt/ros/humble/share/robot_state_publisher/cmake)
[0.467s] -- Found eigen3_cmake_module: 0.1.1 (/opt/ros/humble/share/eigen3_cmake_module/cmake)
[0.470s] -- Ensuring Eigen3 include directory is part of orocos-kdl CMake target
[0.582s] -- Found xacro: 2.0.8 (/opt/ros/humble/share/xacro/cmake)
[0.584s] -- Found ament_lint_auto: 0.12.11 (/opt/ros/humble/share/ament_lint_auto/cmake)
[0.709s] -- Added test 'cppcheck' to perform static code analysis on C / C++ code
[0.709s] -- Configured cppcheck include dirs: 
[0.709s] -- Configured cppcheck exclude dirs and/or files: 
[0.712s] -- Added test 'flake8' to check Python code syntax and style conventions
[0.717s] -- Added test 'lint_cmake' to check CMake code style
[0.720s] -- Added test 'pep257' to check Python code against some of the docstring style conventions in PEP 257
[0.734s] -- Added test 'uncrustify' to check C / C++ code style
[0.735s] -- Configured uncrustify additional arguments: 
[0.738s] -- Added test 'xmllint' to check XML markup files
[0.742s] -- Configuring done
[0.760s] -- Generating done
[0.765s] -- Build files have been written to: /home/sukumar7/6-axis-Robot-Arm/src/six_axis_robot/build/six_axis_robot
[0.809s] Invoked command in '/home/sukumar7/6-axis-Robot-Arm/src/six_axis_robot/build/six_axis_robot' returned '0': CMAKE_PREFIX_PATH=/opt/ros/humble /usr/bin/cmake --build /home/sukumar7/6-axis-Robot-Arm/src/six_axis_robot/build/six_axis_robot -- -j4 -l4
[0.825s] Invoking command in '/home/sukumar7/6-axis-Robot-Arm/src/six_axis_robot/build/six_axis_robot': CMAKE_PREFIX_PATH=/opt/ros/humble /usr/bin/cmake --install /home/sukumar7/6-axis-Robot-Arm/src/six_axis_robot/build/six_axis_robot
[0.836s] -- Install configuration: ""
[0.836s] -- Installing: /home/sukumar7/6-axis-Robot-Arm/src/six_axis_robot/install/six_axis_robot/share/six_axis_robot/urdf
[0.836s] -- Installing: /home/sukumar7/6-axis-Robot-Arm/src/six_axis_robot/install/six_axis_robot/share/six_axis_robot/urdf/robot_model_6_dof.urdf.xacro
[0.837s] -- Installing: /home/sukumar7/6-axis-Robot-Arm/src/six_axis_robot/install/six_axis_robot/share/six_axis_robot/launch
[0.838s] -- Installing: /home/sukumar7/6-axis-Robot-Arm/src/six_axis_robot/install/six_axis_robot/share/six_axis_robot/launch/robot_6_dof.launch.py
[0.838s] [31mCMake Error at cmake_install.cmake:46 (file):
[0.838s]   file INSTALL cannot find
[0.838s]   "/home/sukumar7/6-axis-Robot-Arm/src/six_axis_robot/config": No such file
[0.838s]   or directory.
[0.838s] 
[0.838s] [0m
[0.841s] Invoked command in '/home/sukumar7/6-axis-Robot-Arm/src/six_axis_robot/build/six_axis_robot' returned '1': CMAKE_PREFIX_PATH=/opt/ros/humble /usr/bin/cmake --install /home/sukumar7/6-axis-Robot-Arm/src/six_axis_robot/build/six_axis_robot
