[0.166s] DEBUG:colcon:Command line arguments: ['/usr/bin/colcon', 'build']
[0.166s] DEBUG:colcon:Parsed command line arguments: Namespace(log_base=None, log_level=None, verb_name='build', build_base='build', install_base='install', merge_install=False, symlink_install=False, test_result_base=None, continue_on_error=False, executor='parallel', parallel_workers=4, event_handlers=None, ignore_user_meta=False, metas=['./colcon.meta'], base_paths=['.'], packages_ignore=None, packages_ignore_regex=None, paths=None, packages_up_to=None, packages_up_to_regex=None, packages_above=None, packages_above_and_dependencies=None, packages_above_depth=None, packages_select_by_dep=None, packages_skip_by_dep=None, packages_skip_up_to=None, packages_select_build_failed=False, packages_skip_build_finished=False, packages_select_test_failures=False, packages_skip_test_passed=False, packages_select=None, packages_skip=None, packages_select_regex=None, packages_skip_regex=None, packages_start=None, packages_end=None, allow_overriding=[], cmake_args=None, cmake_target=None, cmake_target_skip_unavailable=False, cmake_clean_cache=False, cmake_clean_first=False, cmake_force_configure=False, ament_cmake_args=None, catkin_cmake_args=None, catkin_skip_building_tests=False, mixin_files=None, mixin=None, verb_parser=<colcon_mixin.mixin.mixin_argument.MixinArgumentDecorator object at 0x7fb9297ac3a0>, verb_extension=<colcon_core.verb.build.BuildVerb object at 0x7fb929818dc0>, main=<bound method BuildVerb.main of <colcon_core.verb.build.BuildVerb object at 0x7fb929818dc0>>, mixin_verb=('build',))
[0.325s] Level 1:colcon.colcon_core.package_discovery:discover_packages(colcon_meta) check parameters
[0.326s] Level 1:colcon.colcon_core.package_discovery:discover_packages(recursive) check parameters
[0.326s] Level 1:colcon.colcon_core.package_discovery:discover_packages(ignore) check parameters
[0.326s] Level 1:colcon.colcon_core.package_discovery:discover_packages(path) check parameters
[0.326s] Level 1:colcon.colcon_core.package_discovery:discover_packages(colcon_meta) discover
[0.326s] Level 1:colcon.colcon_core.package_discovery:discover_packages(recursive) discover
[0.326s] INFO:colcon.colcon_core.package_discovery:Crawling recursively for packages in '/home/sukumar7/6-axis-Robot-Arm/src/six_axis_robot'
[0.326s] Level 1:colcon.colcon_core.package_identification:_identify(.) by extensions ['ignore', 'ignore_ament_install']
[0.326s] Level 1:colcon.colcon_core.package_identification:_identify(.) by extension 'ignore'
[0.326s] Level 1:colcon.colcon_core.package_identification:_identify(.) by extension 'ignore_ament_install'
[0.326s] Level 1:colcon.colcon_core.package_identification:_identify(.) by extensions ['colcon_pkg']
[0.326s] Level 1:colcon.colcon_core.package_identification:_identify(.) by extension 'colcon_pkg'
[0.326s] Level 1:colcon.colcon_core.package_identification:_identify(.) by extensions ['colcon_meta']
[0.326s] Level 1:colcon.colcon_core.package_identification:_identify(.) by extension 'colcon_meta'
[0.326s] Level 1:colcon.colcon_core.package_identification:_identify(.) by extensions ['ros']
[0.326s] Level 1:colcon.colcon_core.package_identification:_identify(.) by extension 'ros'
[0.354s] DEBUG:colcon.colcon_core.package_identification:Package '.' with type 'ros.ament_cmake' and name 'six_axis_robot'
[0.354s] Level 1:colcon.colcon_core.package_discovery:discover_packages(recursive) using defaults
[0.354s] Level 1:colcon.colcon_core.package_discovery:discover_packages(ignore) discover
[0.354s] Level 1:colcon.colcon_core.package_discovery:discover_packages(ignore) using defaults
[0.354s] Level 1:colcon.colcon_core.package_discovery:discover_packages(path) discover
[0.354s] Level 1:colcon.colcon_core.package_discovery:discover_packages(path) using defaults
[0.426s] Level 1:colcon.colcon_core.package_discovery:discover_packages(prefix_path) check parameters
[0.426s] Level 1:colcon.colcon_core.package_discovery:discover_packages(prefix_path) discover
[0.428s] DEBUG:colcon.colcon_installed_package_information.package_discovery:Found 1 installed packages in /home/sukumar7/6-axis-Robot-Arm/install
[0.429s] DEBUG:colcon.colcon_installed_package_information.package_discovery:Found 269 installed packages in /opt/ros/humble
[0.430s] Level 1:colcon.colcon_core.package_discovery:discover_packages(prefix_path) using defaults
[0.461s] Level 5:colcon.colcon_core.verb:set package 'six_axis_robot' build argument 'cmake_args' from command line to 'None'
[0.461s] Level 5:colcon.colcon_core.verb:set package 'six_axis_robot' build argument 'cmake_target' from command line to 'None'
[0.461s] Level 5:colcon.colcon_core.verb:set package 'six_axis_robot' build argument 'cmake_target_skip_unavailable' from command line to 'False'
[0.461s] Level 5:colcon.colcon_core.verb:set package 'six_axis_robot' build argument 'cmake_clean_cache' from command line to 'False'
[0.461s] Level 5:colcon.colcon_core.verb:set package 'six_axis_robot' build argument 'cmake_clean_first' from command line to 'False'
[0.461s] Level 5:colcon.colcon_core.verb:set package 'six_axis_robot' build argument 'cmake_force_configure' from command line to 'False'
[0.461s] Level 5:colcon.colcon_core.verb:set package 'six_axis_robot' build argument 'ament_cmake_args' from command line to 'None'
[0.461s] Level 5:colcon.colcon_core.verb:set package 'six_axis_robot' build argument 'catkin_cmake_args' from command line to 'None'
[0.461s] Level 5:colcon.colcon_core.verb:set package 'six_axis_robot' build argument 'catkin_skip_building_tests' from command line to 'False'
[0.461s] DEBUG:colcon.colcon_core.verb:Building package 'six_axis_robot' with the following arguments: {'ament_cmake_args': None, 'build_base': '/home/sukumar7/6-axis-Robot-Arm/src/six_axis_robot/build/six_axis_robot', 'catkin_cmake_args': None, 'catkin_skip_building_tests': False, 'cmake_args': None, 'cmake_clean_cache': False, 'cmake_clean_first': False, 'cmake_force_configure': False, 'cmake_target': None, 'cmake_target_skip_unavailable': False, 'install_base': '/home/sukumar7/6-axis-Robot-Arm/src/six_axis_robot/install/six_axis_robot', 'merge_install': False, 'path': '/home/sukumar7/6-axis-Robot-Arm/src/six_axis_robot', 'symlink_install': False, 'test_result_base': None}
[0.461s] INFO:colcon.colcon_core.executor:Executing jobs using 'parallel' executor
[0.463s] DEBUG:colcon.colcon_parallel_executor.executor.parallel:run_until_complete
[0.463s] INFO:colcon.colcon_ros.task.ament_cmake.build:Building ROS package in '/home/sukumar7/6-axis-Robot-Arm/src/six_axis_robot' with build type 'ament_cmake'
[0.463s] INFO:colcon.colcon_cmake.task.cmake.build:Building CMake package in '/home/sukumar7/6-axis-Robot-Arm/src/six_axis_robot'
[0.465s] INFO:colcon.colcon_core.plugin_system:Skipping extension 'colcon_core.shell.bat': Not used on non-Windows systems
[0.466s] INFO:colcon.colcon_core.shell:Skip shell extension 'powershell' for command environment: Not usable outside of PowerShell
[0.466s] DEBUG:colcon.colcon_core.shell:Skip shell extension 'dsv' for command environment
[0.479s] DEBUG:colcon.colcon_core.event_handler.log_command:Invoking command in '/home/sukumar7/6-axis-Robot-Arm/src/six_axis_robot/build/six_axis_robot': CMAKE_PREFIX_PATH=/opt/ros/humble /usr/bin/cmake /home/sukumar7/6-axis-Robot-Arm/src/six_axis_robot -DCMAKE_INSTALL_PREFIX=/home/sukumar7/6-axis-Robot-Arm/src/six_axis_robot/install/six_axis_robot
[1.987s] DEBUG:colcon.colcon_core.event_handler.log_command:Invoked command in '/home/sukumar7/6-axis-Robot-Arm/src/six_axis_robot/build/six_axis_robot' returned '0': CMAKE_PREFIX_PATH=/opt/ros/humble /usr/bin/cmake /home/sukumar7/6-axis-Robot-Arm/src/six_axis_robot -DCMAKE_INSTALL_PREFIX=/home/sukumar7/6-axis-Robot-Arm/src/six_axis_robot/install/six_axis_robot
[1.989s] DEBUG:colcon.colcon_core.event_handler.log_command:Invoking command in '/home/sukumar7/6-axis-Robot-Arm/src/six_axis_robot/build/six_axis_robot': CMAKE_PREFIX_PATH=/opt/ros/humble /usr/bin/cmake --build /home/sukumar7/6-axis-Robot-Arm/src/six_axis_robot/build/six_axis_robot -- -j4 -l4
[2.043s] DEBUG:colcon.colcon_core.event_handler.log_command:Invoked command in '/home/sukumar7/6-axis-Robot-Arm/src/six_axis_robot/build/six_axis_robot' returned '0': CMAKE_PREFIX_PATH=/opt/ros/humble /usr/bin/cmake --build /home/sukumar7/6-axis-Robot-Arm/src/six_axis_robot/build/six_axis_robot -- -j4 -l4
[2.056s] DEBUG:colcon.colcon_core.event_handler.log_command:Invoking command in '/home/sukumar7/6-axis-Robot-Arm/src/six_axis_robot/build/six_axis_robot': CMAKE_PREFIX_PATH=/opt/ros/humble /usr/bin/cmake --install /home/sukumar7/6-axis-Robot-Arm/src/six_axis_robot/build/six_axis_robot
[2.071s] Level 1:colcon.colcon_core.environment:create_environment_scripts_only(six_axis_robot)
[2.071s] DEBUG:colcon.colcon_core.event_handler.log_command:Invoked command in '/home/sukumar7/6-axis-Robot-Arm/src/six_axis_robot/build/six_axis_robot' returned '0': CMAKE_PREFIX_PATH=/opt/ros/humble /usr/bin/cmake --install /home/sukumar7/6-axis-Robot-Arm/src/six_axis_robot/build/six_axis_robot
[2.074s] Level 1:colcon.colcon_core.environment:checking '/home/sukumar7/6-axis-Robot-Arm/src/six_axis_robot/install/six_axis_robot' for CMake module files
[2.075s] Level 1:colcon.colcon_core.environment:checking '/home/sukumar7/6-axis-Robot-Arm/src/six_axis_robot/install/six_axis_robot' for CMake config files
[2.075s] Level 1:colcon.colcon_core.shell:create_environment_hook('six_axis_robot', 'cmake_prefix_path')
[2.075s] INFO:colcon.colcon_core.shell:Creating environment hook '/home/sukumar7/6-axis-Robot-Arm/src/six_axis_robot/install/six_axis_robot/share/six_axis_robot/hook/cmake_prefix_path.ps1'
[2.076s] INFO:colcon.colcon_core.shell:Creating environment descriptor '/home/sukumar7/6-axis-Robot-Arm/src/six_axis_robot/install/six_axis_robot/share/six_axis_robot/hook/cmake_prefix_path.dsv'
[2.076s] INFO:colcon.colcon_core.shell:Creating environment hook '/home/sukumar7/6-axis-Robot-Arm/src/six_axis_robot/install/six_axis_robot/share/six_axis_robot/hook/cmake_prefix_path.sh'
[2.077s] Level 1:colcon.colcon_core.environment:checking '/home/sukumar7/6-axis-Robot-Arm/src/six_axis_robot/install/six_axis_robot/bin'
[2.077s] Level 1:colcon.colcon_core.environment:checking '/home/sukumar7/6-axis-Robot-Arm/src/six_axis_robot/install/six_axis_robot/lib/pkgconfig/six_axis_robot.pc'
[2.078s] Level 1:colcon.colcon_core.environment:checking '/home/sukumar7/6-axis-Robot-Arm/src/six_axis_robot/install/six_axis_robot/lib/python3.10/site-packages'
[2.078s] Level 1:colcon.colcon_core.environment:checking '/home/sukumar7/6-axis-Robot-Arm/src/six_axis_robot/install/six_axis_robot/bin'
[2.078s] INFO:colcon.colcon_core.shell:Creating package script '/home/sukumar7/6-axis-Robot-Arm/src/six_axis_robot/install/six_axis_robot/share/six_axis_robot/package.ps1'
[2.079s] INFO:colcon.colcon_core.shell:Creating package descriptor '/home/sukumar7/6-axis-Robot-Arm/src/six_axis_robot/install/six_axis_robot/share/six_axis_robot/package.dsv'
[2.079s] INFO:colcon.colcon_core.shell:Creating package script '/home/sukumar7/6-axis-Robot-Arm/src/six_axis_robot/install/six_axis_robot/share/six_axis_robot/package.sh'
[2.080s] INFO:colcon.colcon_core.shell:Creating package script '/home/sukumar7/6-axis-Robot-Arm/src/six_axis_robot/install/six_axis_robot/share/six_axis_robot/package.bash'
[2.081s] INFO:colcon.colcon_core.shell:Creating package script '/home/sukumar7/6-axis-Robot-Arm/src/six_axis_robot/install/six_axis_robot/share/six_axis_robot/package.zsh'
[2.081s] Level 1:colcon.colcon_core.environment:create_file_with_runtime_dependencies(/home/sukumar7/6-axis-Robot-Arm/src/six_axis_robot/install/six_axis_robot/share/colcon-core/packages/six_axis_robot)
[2.082s] Level 1:colcon.colcon_core.environment:create_environment_scripts_only(six_axis_robot)
[2.082s] Level 1:colcon.colcon_core.environment:checking '/home/sukumar7/6-axis-Robot-Arm/src/six_axis_robot/install/six_axis_robot' for CMake module files
[2.083s] Level 1:colcon.colcon_core.environment:checking '/home/sukumar7/6-axis-Robot-Arm/src/six_axis_robot/install/six_axis_robot' for CMake config files
[2.083s] Level 1:colcon.colcon_core.shell:create_environment_hook('six_axis_robot', 'cmake_prefix_path')
[2.083s] INFO:colcon.colcon_core.shell:Creating environment hook '/home/sukumar7/6-axis-Robot-Arm/src/six_axis_robot/install/six_axis_robot/share/six_axis_robot/hook/cmake_prefix_path.ps1'
[2.084s] INFO:colcon.colcon_core.shell:Creating environment descriptor '/home/sukumar7/6-axis-Robot-Arm/src/six_axis_robot/install/six_axis_robot/share/six_axis_robot/hook/cmake_prefix_path.dsv'
[2.084s] INFO:colcon.colcon_core.shell:Creating environment hook '/home/sukumar7/6-axis-Robot-Arm/src/six_axis_robot/install/six_axis_robot/share/six_axis_robot/hook/cmake_prefix_path.sh'
[2.085s] Level 1:colcon.colcon_core.environment:checking '/home/sukumar7/6-axis-Robot-Arm/src/six_axis_robot/install/six_axis_robot/bin'
[2.085s] Level 1:colcon.colcon_core.environment:checking '/home/sukumar7/6-axis-Robot-Arm/src/six_axis_robot/install/six_axis_robot/lib/pkgconfig/six_axis_robot.pc'
[2.085s] Level 1:colcon.colcon_core.environment:checking '/home/sukumar7/6-axis-Robot-Arm/src/six_axis_robot/install/six_axis_robot/lib/python3.10/site-packages'
[2.086s] Level 1:colcon.colcon_core.environment:checking '/home/sukumar7/6-axis-Robot-Arm/src/six_axis_robot/install/six_axis_robot/bin'
[2.086s] INFO:colcon.colcon_core.shell:Creating package script '/home/sukumar7/6-axis-Robot-Arm/src/six_axis_robot/install/six_axis_robot/share/six_axis_robot/package.ps1'
[2.087s] INFO:colcon.colcon_core.shell:Creating package descriptor '/home/sukumar7/6-axis-Robot-Arm/src/six_axis_robot/install/six_axis_robot/share/six_axis_robot/package.dsv'
[2.087s] INFO:colcon.colcon_core.shell:Creating package script '/home/sukumar7/6-axis-Robot-Arm/src/six_axis_robot/install/six_axis_robot/share/six_axis_robot/package.sh'
[2.088s] INFO:colcon.colcon_core.shell:Creating package script '/home/sukumar7/6-axis-Robot-Arm/src/six_axis_robot/install/six_axis_robot/share/six_axis_robot/package.bash'
[2.088s] INFO:colcon.colcon_core.shell:Creating package script '/home/sukumar7/6-axis-Robot-Arm/src/six_axis_robot/install/six_axis_robot/share/six_axis_robot/package.zsh'
[2.089s] Level 1:colcon.colcon_core.environment:create_file_with_runtime_dependencies(/home/sukumar7/6-axis-Robot-Arm/src/six_axis_robot/install/six_axis_robot/share/colcon-core/packages/six_axis_robot)
[2.090s] DEBUG:colcon.colcon_parallel_executor.executor.parallel:closing loop
[2.090s] DEBUG:colcon.colcon_parallel_executor.executor.parallel:loop closed
[2.090s] DEBUG:colcon.colcon_parallel_executor.executor.parallel:run_until_complete finished with '0'
[2.090s] DEBUG:colcon.colcon_core.event_reactor:joining thread
[2.095s] INFO:colcon.colcon_core.plugin_system:Skipping extension 'colcon_notification.desktop_notification.terminal_notifier': Not used on non-Darwin systems
[2.096s] INFO:colcon.colcon_core.plugin_system:Skipping extension 'colcon_notification.desktop_notification.win32': Not used on non-Windows systems
[2.096s] INFO:colcon.colcon_notification.desktop_notification:Sending desktop notification using 'notify2'
[2.117s] DEBUG:colcon.colcon_core.event_reactor:joined thread
[2.118s] INFO:colcon.colcon_core.shell:Creating prefix script '/home/sukumar7/6-axis-Robot-Arm/src/six_axis_robot/install/local_setup.ps1'
[2.119s] INFO:colcon.colcon_core.shell:Creating prefix util module '/home/sukumar7/6-axis-Robot-Arm/src/six_axis_robot/install/_local_setup_util_ps1.py'
[2.120s] INFO:colcon.colcon_core.shell:Creating prefix chain script '/home/sukumar7/6-axis-Robot-Arm/src/six_axis_robot/install/setup.ps1'
[2.121s] INFO:colcon.colcon_core.shell:Creating prefix script '/home/sukumar7/6-axis-Robot-Arm/src/six_axis_robot/install/local_setup.sh'
[2.122s] INFO:colcon.colcon_core.shell:Creating prefix util module '/home/sukumar7/6-axis-Robot-Arm/src/six_axis_robot/install/_local_setup_util_sh.py'
[2.123s] INFO:colcon.colcon_core.shell:Creating prefix chain script '/home/sukumar7/6-axis-Robot-Arm/src/six_axis_robot/install/setup.sh'
[2.124s] INFO:colcon.colcon_core.shell:Creating prefix script '/home/sukumar7/6-axis-Robot-Arm/src/six_axis_robot/install/local_setup.bash'
[2.125s] INFO:colcon.colcon_core.shell:Creating prefix chain script '/home/sukumar7/6-axis-Robot-Arm/src/six_axis_robot/install/setup.bash'
[2.126s] INFO:colcon.colcon_core.shell:Creating prefix script '/home/sukumar7/6-axis-Robot-Arm/src/six_axis_robot/install/local_setup.zsh'
[2.126s] INFO:colcon.colcon_core.shell:Creating prefix chain script '/home/sukumar7/6-axis-Robot-Arm/src/six_axis_robot/install/setup.zsh'
