[0.186s] DEBUG:colcon:Command line arguments: ['/usr/bin/colcon', 'build']
[0.186s] DEBUG:colcon:Parsed command line arguments: Namespace(log_base=None, log_level=None, verb_name='build', build_base='build', install_base='install', merge_install=False, symlink_install=False, test_result_base=None, continue_on_error=False, executor='parallel', parallel_workers=4, event_handlers=None, ignore_user_meta=False, metas=['./colcon.meta'], base_paths=['.'], packages_ignore=None, packages_ignore_regex=None, paths=None, packages_up_to=None, packages_up_to_regex=None, packages_above=None, packages_above_and_dependencies=None, packages_above_depth=None, packages_select_by_dep=None, packages_skip_by_dep=None, packages_skip_up_to=None, packages_select_build_failed=False, packages_skip_build_finished=False, packages_select_test_failures=False, packages_skip_test_passed=False, packages_select=None, packages_skip=None, packages_select_regex=None, packages_skip_regex=None, packages_start=None, packages_end=None, allow_overriding=[], cmake_args=None, cmake_target=None, cmake_target_skip_unavailable=False, cmake_clean_cache=False, cmake_clean_first=False, cmake_force_configure=False, ament_cmake_args=None, catkin_cmake_args=None, catkin_skip_building_tests=False, mixin_files=None, mixin=None, verb_parser=<colcon_mixin.mixin.mixin_argument.MixinArgumentDecorator object at 0x77600fb45060>, verb_extension=<colcon_core.verb.build.BuildVerb object at 0x77600fb44bb0>, main=<bound method BuildVerb.main of <colcon_core.verb.build.BuildVerb object at 0x77600fb44bb0>>, mixin_verb=('build',))
[0.537s] Level 1:colcon.colcon_core.package_discovery:discover_packages(colcon_meta) check parameters
[0.537s] Level 1:colcon.colcon_core.package_discovery:discover_packages(recursive) check parameters
[0.537s] Level 1:colcon.colcon_core.package_discovery:discover_packages(ignore) check parameters
[0.537s] Level 1:colcon.colcon_core.package_discovery:discover_packages(path) check parameters
[0.537s] Level 1:colcon.colcon_core.package_discovery:discover_packages(colcon_meta) discover
[0.537s] Level 1:colcon.colcon_core.package_discovery:discover_packages(recursive) discover
[0.537s] INFO:colcon.colcon_core.package_discovery:Crawling recursively for packages in '/home/sukumar7/6-axis-Robot-Arm/src/six_axis_robot'
[0.537s] Level 1:colcon.colcon_core.package_identification:_identify(.) by extensions ['ignore', 'ignore_ament_install']
[0.538s] Level 1:colcon.colcon_core.package_identification:_identify(.) by extension 'ignore'
[0.538s] Level 1:colcon.colcon_core.package_identification:_identify(.) by extension 'ignore_ament_install'
[0.538s] Level 1:colcon.colcon_core.package_identification:_identify(.) by extensions ['colcon_pkg']
[0.538s] Level 1:colcon.colcon_core.package_identification:_identify(.) by extension 'colcon_pkg'
[0.538s] Level 1:colcon.colcon_core.package_identification:_identify(.) by extensions ['colcon_meta']
[0.538s] Level 1:colcon.colcon_core.package_identification:_identify(.) by extension 'colcon_meta'
[0.538s] Level 1:colcon.colcon_core.package_identification:_identify(.) by extensions ['ros']
[0.538s] Level 1:colcon.colcon_core.package_identification:_identify(.) by extension 'ros'
[0.561s] DEBUG:colcon.colcon_core.package_identification:Package '.' with type 'ros.ament_cmake' and name 'six_axis_robot'
[0.561s] Level 1:colcon.colcon_core.package_discovery:discover_packages(recursive) using defaults
[0.561s] Level 1:colcon.colcon_core.package_discovery:discover_packages(ignore) discover
[0.561s] Level 1:colcon.colcon_core.package_discovery:discover_packages(ignore) using defaults
[0.561s] Level 1:colcon.colcon_core.package_discovery:discover_packages(path) discover
[0.561s] Level 1:colcon.colcon_core.package_discovery:discover_packages(path) using defaults
[0.620s] Level 1:colcon.colcon_core.package_discovery:discover_packages(prefix_path) check parameters
[0.620s] Level 1:colcon.colcon_core.package_discovery:discover_packages(prefix_path) discover
[0.625s] DEBUG:colcon.colcon_installed_package_information.package_discovery:Found 1 installed packages in /home/sukumar7/6-axis-Robot-Arm/install
[0.628s] DEBUG:colcon.colcon_installed_package_information.package_discovery:Found 269 installed packages in /opt/ros/humble
[0.629s] Level 1:colcon.colcon_core.package_discovery:discover_packages(prefix_path) using defaults
[0.669s] Level 5:colcon.colcon_core.verb:set package 'six_axis_robot' build argument 'cmake_args' from command line to 'None'
[0.669s] Level 5:colcon.colcon_core.verb:set package 'six_axis_robot' build argument 'cmake_target' from command line to 'None'
[0.669s] Level 5:colcon.colcon_core.verb:set package 'six_axis_robot' build argument 'cmake_target_skip_unavailable' from command line to 'False'
[0.669s] Level 5:colcon.colcon_core.verb:set package 'six_axis_robot' build argument 'cmake_clean_cache' from command line to 'False'
[0.669s] Level 5:colcon.colcon_core.verb:set package 'six_axis_robot' build argument 'cmake_clean_first' from command line to 'False'
[0.669s] Level 5:colcon.colcon_core.verb:set package 'six_axis_robot' build argument 'cmake_force_configure' from command line to 'False'
[0.669s] Level 5:colcon.colcon_core.verb:set package 'six_axis_robot' build argument 'ament_cmake_args' from command line to 'None'
[0.669s] Level 5:colcon.colcon_core.verb:set package 'six_axis_robot' build argument 'catkin_cmake_args' from command line to 'None'
[0.669s] Level 5:colcon.colcon_core.verb:set package 'six_axis_robot' build argument 'catkin_skip_building_tests' from command line to 'False'
[0.669s] DEBUG:colcon.colcon_core.verb:Building package 'six_axis_robot' with the following arguments: {'ament_cmake_args': None, 'build_base': '/home/sukumar7/6-axis-Robot-Arm/src/six_axis_robot/build/six_axis_robot', 'catkin_cmake_args': None, 'catkin_skip_building_tests': False, 'cmake_args': None, 'cmake_clean_cache': False, 'cmake_clean_first': False, 'cmake_force_configure': False, 'cmake_target': None, 'cmake_target_skip_unavailable': False, 'install_base': '/home/sukumar7/6-axis-Robot-Arm/src/six_axis_robot/install/six_axis_robot', 'merge_install': False, 'path': '/home/sukumar7/6-axis-Robot-Arm/src/six_axis_robot', 'symlink_install': False, 'test_result_base': None}
[0.669s] INFO:colcon.colcon_core.executor:Executing jobs using 'parallel' executor
[0.671s] DEBUG:colcon.colcon_parallel_executor.executor.parallel:run_until_complete
[0.671s] INFO:colcon.colcon_ros.task.ament_cmake.build:Building ROS package in '/home/sukumar7/6-axis-Robot-Arm/src/six_axis_robot' with build type 'ament_cmake'
[0.671s] INFO:colcon.colcon_cmake.task.cmake.build:Building CMake package in '/home/sukumar7/6-axis-Robot-Arm/src/six_axis_robot'
[0.676s] INFO:colcon.colcon_core.plugin_system:Skipping extension 'colcon_core.shell.bat': Not used on non-Windows systems
[0.677s] INFO:colcon.colcon_core.shell:Skip shell extension 'powershell' for command environment: Not usable outside of PowerShell
[0.677s] DEBUG:colcon.colcon_core.shell:Skip shell extension 'dsv' for command environment
[0.695s] DEBUG:colcon.colcon_core.event_handler.log_command:Invoking command in '/home/sukumar7/6-axis-Robot-Arm/src/six_axis_robot/build/six_axis_robot': CMAKE_PREFIX_PATH=/opt/ros/humble /usr/bin/cmake --build /home/sukumar7/6-axis-Robot-Arm/src/six_axis_robot/build/six_axis_robot -- -j4 -l4
[1.707s] DEBUG:colcon.colcon_core.event_handler.log_command:Invoked command in '/home/sukumar7/6-axis-Robot-Arm/src/six_axis_robot/build/six_axis_robot' returned '2': CMAKE_PREFIX_PATH=/opt/ros/humble /usr/bin/cmake --build /home/sukumar7/6-axis-Robot-Arm/src/six_axis_robot/build/six_axis_robot -- -j4 -l4
[1.708s] Level 1:colcon.colcon_core.environment:create_environment_scripts_only(six_axis_robot)
[1.719s] Level 1:colcon.colcon_core.environment:checking '/home/sukumar7/6-axis-Robot-Arm/src/six_axis_robot/install/six_axis_robot' for CMake module files
[1.721s] Level 1:colcon.colcon_core.environment:checking '/home/sukumar7/6-axis-Robot-Arm/src/six_axis_robot/install/six_axis_robot' for CMake config files
[1.724s] Level 1:colcon.colcon_core.shell:create_environment_hook('six_axis_robot', 'cmake_prefix_path')
[1.725s] INFO:colcon.colcon_core.shell:Creating environment hook '/home/sukumar7/6-axis-Robot-Arm/src/six_axis_robot/install/six_axis_robot/share/six_axis_robot/hook/cmake_prefix_path.ps1'
[1.727s] INFO:colcon.colcon_core.shell:Creating environment descriptor '/home/sukumar7/6-axis-Robot-Arm/src/six_axis_robot/install/six_axis_robot/share/six_axis_robot/hook/cmake_prefix_path.dsv'
[1.728s] INFO:colcon.colcon_core.shell:Creating environment hook '/home/sukumar7/6-axis-Robot-Arm/src/six_axis_robot/install/six_axis_robot/share/six_axis_robot/hook/cmake_prefix_path.sh'
[1.730s] Level 1:colcon.colcon_core.environment:checking '/home/sukumar7/6-axis-Robot-Arm/src/six_axis_robot/install/six_axis_robot/bin'
[1.730s] Level 1:colcon.colcon_core.environment:checking '/home/sukumar7/6-axis-Robot-Arm/src/six_axis_robot/install/six_axis_robot/lib/pkgconfig/six_axis_robot.pc'
[1.731s] Level 1:colcon.colcon_core.environment:checking '/home/sukumar7/6-axis-Robot-Arm/src/six_axis_robot/install/six_axis_robot/lib/python3.10/site-packages'
[1.731s] Level 1:colcon.colcon_core.environment:checking '/home/sukumar7/6-axis-Robot-Arm/src/six_axis_robot/install/six_axis_robot/bin'
[1.731s] INFO:colcon.colcon_core.shell:Creating package script '/home/sukumar7/6-axis-Robot-Arm/src/six_axis_robot/install/six_axis_robot/share/six_axis_robot/package.ps1'
[1.733s] INFO:colcon.colcon_core.shell:Creating package descriptor '/home/sukumar7/6-axis-Robot-Arm/src/six_axis_robot/install/six_axis_robot/share/six_axis_robot/package.dsv'
[1.735s] INFO:colcon.colcon_core.shell:Creating package script '/home/sukumar7/6-axis-Robot-Arm/src/six_axis_robot/install/six_axis_robot/share/six_axis_robot/package.sh'
[1.737s] INFO:colcon.colcon_core.shell:Creating package script '/home/sukumar7/6-axis-Robot-Arm/src/six_axis_robot/install/six_axis_robot/share/six_axis_robot/package.bash'
[1.738s] INFO:colcon.colcon_core.shell:Creating package script '/home/sukumar7/6-axis-Robot-Arm/src/six_axis_robot/install/six_axis_robot/share/six_axis_robot/package.zsh'
[1.741s] Level 1:colcon.colcon_core.environment:create_file_with_runtime_dependencies(/home/sukumar7/6-axis-Robot-Arm/src/six_axis_robot/install/six_axis_robot/share/colcon-core/packages/six_axis_robot)
[1.753s] DEBUG:colcon.colcon_parallel_executor.executor.parallel:closing loop
[1.753s] DEBUG:colcon.colcon_parallel_executor.executor.parallel:loop closed
[1.754s] DEBUG:colcon.colcon_parallel_executor.executor.parallel:run_until_complete finished with '2'
[1.754s] DEBUG:colcon.colcon_core.event_reactor:joining thread
[1.763s] INFO:colcon.colcon_core.plugin_system:Skipping extension 'colcon_notification.desktop_notification.terminal_notifier': Not used on non-Darwin systems
[1.763s] INFO:colcon.colcon_core.plugin_system:Skipping extension 'colcon_notification.desktop_notification.win32': Not used on non-Windows systems
[1.763s] INFO:colcon.colcon_notification.desktop_notification:Sending desktop notification using 'notify2'
[1.787s] DEBUG:colcon.colcon_core.event_reactor:joined thread
[1.788s] INFO:colcon.colcon_core.shell:Creating prefix script '/home/sukumar7/6-axis-Robot-Arm/src/six_axis_robot/install/local_setup.ps1'
[1.789s] INFO:colcon.colcon_core.shell:Creating prefix util module '/home/sukumar7/6-axis-Robot-Arm/src/six_axis_robot/install/_local_setup_util_ps1.py'
[1.791s] INFO:colcon.colcon_core.shell:Creating prefix chain script '/home/sukumar7/6-axis-Robot-Arm/src/six_axis_robot/install/setup.ps1'
[1.793s] INFO:colcon.colcon_core.shell:Creating prefix script '/home/sukumar7/6-axis-Robot-Arm/src/six_axis_robot/install/local_setup.sh'
[1.794s] INFO:colcon.colcon_core.shell:Creating prefix util module '/home/sukumar7/6-axis-Robot-Arm/src/six_axis_robot/install/_local_setup_util_sh.py'
[1.796s] INFO:colcon.colcon_core.shell:Creating prefix chain script '/home/sukumar7/6-axis-Robot-Arm/src/six_axis_robot/install/setup.sh'
[1.798s] INFO:colcon.colcon_core.shell:Creating prefix script '/home/sukumar7/6-axis-Robot-Arm/src/six_axis_robot/install/local_setup.bash'
[1.799s] INFO:colcon.colcon_core.shell:Creating prefix chain script '/home/sukumar7/6-axis-Robot-Arm/src/six_axis_robot/install/setup.bash'
[1.801s] INFO:colcon.colcon_core.shell:Creating prefix script '/home/sukumar7/6-axis-Robot-Arm/src/six_axis_robot/install/local_setup.zsh'
[1.803s] INFO:colcon.colcon_core.shell:Creating prefix chain script '/home/sukumar7/6-axis-Robot-Arm/src/six_axis_robot/install/setup.zsh'
