[0.023s] Invoking command in '/home/sukumar7/6-axis-Robot-Arm/src/six_axis_robot/build/six_axis_robot': CMAKE_PREFIX_PATH=/opt/ros/humble /usr/bin/cmake --build /home/sukumar7/6-axis-Robot-Arm/src/six_axis_robot/build/six_axis_robot -- -j4 -l4
[0.070s] -- Found ament_cmake: 1.3.11 (/opt/ros/humble/share/ament_cmake/cmake)
[0.284s] -- Found rclcpp: 16.0.11 (/opt/ros/humble/share/rclcpp/cmake)
[0.354s] -- Found rosidl_generator_c: 3.1.6 (/opt/ros/humble/share/rosidl_generator_c/cmake)
[0.360s] -- Found rosidl_adapter: 3.1.6 (/opt/ros/humble/share/rosidl_adapter/cmake)
[0.374s] -- Found rosidl_generator_cpp: 3.1.6 (/opt/ros/humble/share/rosidl_generator_cpp/cmake)
[0.395s] -- Using all available rosidl_typesupport_c: rosidl_typesupport_fastrtps_c;rosidl_typesupport_introspection_c
[0.416s] -- Using all available rosidl_typesupport_cpp: rosidl_typesupport_fastrtps_cpp;rosidl_typesupport_introspection_cpp
[0.485s] -- Found rmw_implementation_cmake: 6.1.2 (/opt/ros/humble/share/rmw_implementation_cmake/cmake)
[0.489s] -- Found rmw_fastrtps_cpp: 6.2.7 (/opt/ros/humble/share/rmw_fastrtps_cpp/cmake)
[0.637s] -- Using RMW implementation 'rmw_fastrtps_cpp' as default
[0.728s] -- Found robot_state_publisher: 3.0.3 (/opt/ros/humble/share/robot_state_publisher/cmake)
[0.765s] -- Found eigen3_cmake_module: 0.1.1 (/opt/ros/humble/share/eigen3_cmake_module/cmake)
[0.769s] -- Ensuring Eigen3 include directory is part of orocos-kdl CMake target
[1.016s] [31mCMake Error at CMakeLists.txt:12 (find_package):
[1.017s]   By not providing "Findxacro.cmake" in CMAKE_MODULE_PATH this project has
[1.017s]   asked CMake to find a package configuration file provided by "xacro", but
[1.017s]   CMake did not find one.
[1.017s] 
[1.017s]   Could not find a package configuration file provided by "xacro" with any of
[1.017s]   the following names:
[1.017s] 
[1.017s]     xacroConfig.cmake
[1.017s]     xacro-config.cmake
[1.017s] 
[1.017s]   Add the installation prefix of "xacro" to CMAKE_PREFIX_PATH or set
[1.018s]   "xacro_DIR" to a directory containing one of the above files.  If "xacro"
[1.018s]   provides a separate development package or SDK, be sure it has been
[1.018s]   installed.
[1.018s] 
[1.018s] [0m
[1.018s] -- Configuring incomplete, errors occurred!
[1.018s] See also "/home/sukumar7/6-axis-Robot-Arm/src/six_axis_robot/build/six_axis_robot/CMakeFiles/CMakeOutput.log".
[1.029s] gmake: *** [Makefile:226: cmake_check_build_system] Error 1
[1.035s] Invoked command in '/home/sukumar7/6-axis-Robot-Arm/src/six_axis_robot/build/six_axis_robot' returned '2': CMAKE_PREFIX_PATH=/opt/ros/humble /usr/bin/cmake --build /home/sukumar7/6-axis-Robot-Arm/src/six_axis_robot/build/six_axis_robot -- -j4 -l4
